TN:
SF:src/controllers/account.controller.js
FN:4,AccountController
FN:14,_callee
FNF:2
FNH:2
FNDA:1,AccountController
FNDA:3,_callee
DA:4,1
DA:5,1
DA:14,8
DA:15,1
DA:17,1
DA:19,1
DA:24,1
LF:7
LH:7
BRDA:14,0,0,1
BRDA:14,0,1,1
BRDA:14,0,2,1
BRDA:14,0,3,1
BRF:4
BRH:4
end_of_record
TN:
SF:src/controllers/index.js
FNF:0
FNH:0
DA:1,1
DA:6,1
DA:7,1
DA:9,1
LF:4
LH:4
BRF:0
BRH:0
end_of_record
TN:
SF:src/controllers/transaction.controller.js
FN:6,TransactionController
FN:16,_callee
FN:30,_callee2
FNF:3
FNH:3
FNDA:1,TransactionController
FNDA:3,_callee
FNDA:9,_callee2
DA:2,1
DA:6,1
DA:7,1
DA:16,8
DA:17,1
DA:19,1
DA:21,1
DA:30,35
DA:33,3
DA:35,2
DA:37,2
DA:39,2
DA:42,1
DA:48,1
LF:14
LH:14
BRDA:16,0,0,1
BRDA:16,0,1,1
BRDA:16,0,2,1
BRDA:16,0,3,1
BRDA:30,1,0,3
BRDA:30,1,1,2
BRDA:30,1,2,1
BRDA:30,1,3,3
BRDA:30,1,4,3
BRF:9
BRH:9
end_of_record
TN:
SF:src/services/account.service.js
FN:7,AccountService
FN:12,_callee
FNF:2
FNH:2
FNDA:1,AccountService
FNDA:3,_callee
DA:1,1
DA:7,2
DA:8,1
DA:9,1
DA:12,7
DA:18,1
LF:6
LH:6
BRDA:12,0,0,1
BRDA:12,0,1,0
BRDA:12,0,2,1
BRF:3
BRH:2
end_of_record
TN:
SF:src/services/index.js
FNF:0
FNH:0
DA:1,1
DA:2,1
DA:4,1
DA:6,1
LF:4
LH:4
BRF:0
BRH:0
end_of_record
TN:
SF:src/services/transaction.service.js
FN:15,TransactionService
FN:24,_callee
FN:28,_callee2
FN:37,_callee3
FN:41,_callee4
FNF:5
FNH:5
FNDA:1,TransactionService
FNDA:3,_callee
FNDA:21,_callee2
FNDA:3,_callee3
FNDA:6,_callee4
DA:1,1
DA:2,1
DA:3,1
DA:5,1
DA:9,1
DA:15,2
DA:16,1
DA:17,1
DA:18,1
DA:24,7
DA:28,80
DA:29,3
DA:30,3
DA:31,3
DA:37,7
DA:41,19
DA:48,1
LF:17
LH:17
BRDA:24,0,0,1
BRDA:24,0,1,0
BRDA:24,0,2,1
BRDA:28,1,0,3
BRDA:28,1,1,3
BRDA:28,1,2,3
BRDA:28,1,3,2
BRDA:28,1,4,2
BRDA:28,1,5,2
BRDA:28,1,6,0
BRDA:28,1,7,3
BRDA:37,2,0,1
BRDA:37,2,1,0
BRDA:37,2,2,1
BRDA:41,3,0,2
BRDA:41,3,1,1
BRDA:41,3,2,0
BRDA:41,3,3,2
BRDA:41,4,0,1
BRDA:41,4,1,1
BRF:20
BRH:16
end_of_record
